[2021-06-26 14:18:01,155] selenium_base_case.py->setUpClass line:10 [INFO] : ======测试类开始执行=====
[2021-06-26 14:18:01,156] selenium_base_case.py->setUp line:14 [INFO] : -----测试开始执行-----
2021-06-26 14:18:02,300 - Logger - INFO - 初始化并启动chrome浏览器
[2021-06-26 14:18:02,300] log.py->info line:19 [INFO] : 初始化并启动chrome浏览器
[2021-06-26 14:18:02,425] base_page.py->max_browser line:35 [INFO] : 最大化浏览器
[2021-06-26 14:18:03,094] base_page.py->open_url line:21 [INFO] : 打开url地址：http://localhost/DBshop/admin
[2021-06-26 14:18:03,116] base_page.py->find_element line:79 [INFO] : [用户名输入框]元素识别成功
[2021-06-26 14:18:03,198] base_page.py->input line:97 [INFO] : [用户名输入框]元素输入内容成功，输入的内容是：admin
[2021-06-26 14:18:03,213] base_page.py->find_element line:79 [INFO] : [密码输入框]元素识别成功
[2021-06-26 14:18:03,289] base_page.py->input line:97 [INFO] : [密码输入框]元素输入内容成功，输入的内容是：123
[2021-06-26 14:18:03,303] base_page.py->find_element line:79 [INFO] : [登录按钮]元素识别成功
[2021-06-26 14:18:03,864] base_page.py->click line:89 [INFO] : [登录按钮]元素点击操作成功
[2021-06-26 14:18:07,202] base_page.py->close_browser_tab line:27 [INFO] : 关闭当前tab页
[2021-06-26 14:18:07,202] selenium_base_case.py->tearDown line:26 [INFO] : -----测试方法执行完毕-----
[2021-06-26 14:18:07,203] selenium_base_case.py->setUp line:14 [INFO] : -----测试开始执行-----
2021-06-26 14:18:08,340 - Logger - INFO - 初始化并启动chrome浏览器
[2021-06-26 14:18:08,340] log.py->info line:19 [INFO] : 初始化并启动chrome浏览器
[2021-06-26 14:18:08,454] base_page.py->max_browser line:35 [INFO] : 最大化浏览器
[2021-06-26 14:18:09,049] base_page.py->open_url line:21 [INFO] : 打开url地址：http://localhost/DBshop/admin
[2021-06-26 14:18:09,081] base_page.py->find_element line:79 [INFO] : [用户名输入框]元素识别成功
[2021-06-26 14:18:09,162] base_page.py->input line:97 [INFO] : [用户名输入框]元素输入内容成功，输入的内容是：admin
[2021-06-26 14:18:09,174] base_page.py->find_element line:79 [INFO] : [密码输入框]元素识别成功
[2021-06-26 14:18:09,248] base_page.py->input line:97 [INFO] : [密码输入框]元素输入内容成功，输入的内容是：123456
[2021-06-26 14:18:09,263] base_page.py->find_element line:79 [INFO] : [登录按钮]元素识别成功
[2021-06-26 14:18:10,553] base_page.py->click line:89 [INFO] : [登录按钮]元素点击操作成功
[2021-06-26 14:18:10,576] base_page.py->find_element line:79 [INFO] : [后台名称]元素识别成功
[2021-06-26 14:18:10,595] base_page.py->get_text line:105 [INFO] : 获取元素文本，文本为DBShop
[2021-06-26 14:18:10,663] base_page.py->close_browser_tab line:27 [INFO] : 关闭当前tab页
[2021-06-26 14:18:10,663] selenium_base_case.py->tearDown line:26 [INFO] : -----测试方法执行完毕-----
[2021-06-26 14:18:10,663] selenium_base_case.py->setUpClass line:10 [INFO] : ======测试类开始执行=====
[2021-06-26 14:18:10,664] selenium_base_case.py->setUp line:14 [INFO] : -----测试开始执行-----
2021-06-26 14:18:11,880 - Logger - INFO - 初始化并启动chrome浏览器
[2021-06-26 14:18:11,880] log.py->info line:19 [INFO] : 初始化并启动chrome浏览器
[2021-06-26 14:18:12,017] base_page.py->max_browser line:35 [INFO] : 最大化浏览器
[2021-06-26 14:18:12,606] base_page.py->open_url line:21 [INFO] : 打开url地址：http://localhost/DBshop/admin
[2021-06-26 14:18:12,633] base_page.py->find_element line:79 [INFO] : [用户名输入框]元素识别成功
[2021-06-26 14:18:12,716] base_page.py->input line:97 [INFO] : [用户名输入框]元素输入内容成功，输入的内容是：admin
[2021-06-26 14:18:12,731] base_page.py->find_element line:79 [INFO] : [密码输入框]元素识别成功
[2021-06-26 14:18:12,810] base_page.py->input line:97 [INFO] : [密码输入框]元素输入内容成功，输入的内容是：123456
[2021-06-26 14:18:12,826] base_page.py->find_element line:79 [INFO] : [登录按钮]元素识别成功
[2021-06-26 14:18:14,040] base_page.py->click line:89 [INFO] : [登录按钮]元素点击操作成功
[2021-06-26 14:18:14,068] base_page.py->find_element line:79 [INFO] : [退出系统]元素识别成功
[2021-06-26 14:18:15,154] base_page.py->click line:89 [INFO] : [退出系统]元素点击操作成功
[2021-06-26 14:18:15,166] base_page.py->get_title line:51 [INFO] : 获取网页标题,标题是:系统管理员后台登录
[2021-06-26 14:18:15,246] base_page.py->close_browser_tab line:27 [INFO] : 关闭当前tab页
[2021-06-26 14:18:15,246] selenium_base_case.py->tearDown line:26 [INFO] : -----测试方法执行完毕-----
