[2021-06-26 13:54:28,702] selenium_base_case.py->setUpClass line:10 [INFO] : ======测试类开始执行=====
[2021-06-26 13:54:28,702] selenium_base_case.py->setUp line:14 [INFO] : -----测试开始执行-----
2021-06-26 13:54:29,886 - Logger - INFO - 初始化并启动chrome浏览器
[2021-06-26 13:54:29,886] log.py->info line:19 [INFO] : 初始化并启动chrome浏览器
[2021-06-26 13:54:30,012] base_page.py->max_browser line:35 [INFO] : 最大化浏览器
[2021-06-26 13:54:30,589] base_page.py->open_url line:21 [INFO] : 打开url地址：http://localhost/DBshop/admin
[2021-06-26 13:54:30,625] base_page.py->find_element line:79 [INFO] : [用户名输入框]元素识别成功
[2021-06-26 13:54:30,710] base_page.py->input line:97 [INFO] : [用户名输入框]元素输入内容成功，输入的内容是：admin
[2021-06-26 13:54:30,724] base_page.py->find_element line:79 [INFO] : [密码输入框]元素识别成功
[2021-06-26 13:54:30,798] base_page.py->input line:97 [INFO] : [密码输入框]元素输入内容成功，输入的内容是：123
[2021-06-26 13:54:30,816] base_page.py->find_element line:79 [INFO] : [登录按钮]元素识别成功
[2021-06-26 13:54:31,384] base_page.py->click line:89 [INFO] : [登录按钮]元素点击操作成功
[2021-06-26 13:54:34,972] base_page.py->close_browser_tab line:27 [INFO] : 关闭当前tab页
[2021-06-26 13:54:34,973] selenium_base_case.py->tearDown line:26 [INFO] : -----测试方法执行完毕-----
[2021-06-26 13:54:34,974] selenium_base_case.py->setUpClass line:10 [INFO] : ======测试类开始执行=====
[2021-06-26 13:54:34,975] selenium_base_case.py->setUp line:14 [INFO] : -----测试开始执行-----
2021-06-26 13:54:36,185 - Logger - INFO - 初始化并启动chrome浏览器
[2021-06-26 13:54:36,185] log.py->info line:19 [INFO] : 初始化并启动chrome浏览器
[2021-06-26 13:54:36,298] base_page.py->max_browser line:35 [INFO] : 最大化浏览器
[2021-06-26 13:54:36,814] base_page.py->open_url line:21 [INFO] : 打开url地址：http://localhost/DBshop/admin
[2021-06-26 13:54:36,835] base_page.py->find_element line:79 [INFO] : [用户名输入框]元素识别成功
[2021-06-26 13:54:36,913] base_page.py->input line:97 [INFO] : [用户名输入框]元素输入内容成功，输入的内容是：admin
[2021-06-26 13:54:36,927] base_page.py->find_element line:79 [INFO] : [密码输入框]元素识别成功
[2021-06-26 13:54:37,004] base_page.py->input line:97 [INFO] : [密码输入框]元素输入内容成功，输入的内容是：123456
[2021-06-26 13:54:37,020] base_page.py->find_element line:79 [INFO] : [登录按钮]元素识别成功
[2021-06-26 13:54:38,344] base_page.py->click line:89 [INFO] : [登录按钮]元素点击操作成功
[2021-06-26 13:54:38,371] base_page.py->find_element line:79 [INFO] : [退出系统]元素识别成功
[2021-06-26 13:54:39,518] base_page.py->click line:89 [INFO] : [退出系统]元素点击操作成功
[2021-06-26 13:54:39,531] base_page.py->get_title line:51 [INFO] : 获取网页标题,标题是:系统管理员后台登录
[2021-06-26 13:54:39,609] base_page.py->close_browser_tab line:27 [INFO] : 关闭当前tab页
[2021-06-26 13:54:39,610] selenium_base_case.py->tearDown line:26 [INFO] : -----测试方法执行完毕-----
