[2021-06-26 14:17:02,370] selenium_base_case.py->setUpClass line:10 [INFO] : ======测试类开始执行=====
[2021-06-26 14:17:02,370] selenium_base_case.py->setUp line:14 [INFO] : -----测试开始执行-----
2021-06-26 14:17:03,582 - Logger - INFO - 初始化并启动chrome浏览器
[2021-06-26 14:17:03,582] log.py->info line:19 [INFO] : 初始化并启动chrome浏览器
[2021-06-26 14:17:03,715] base_page.py->max_browser line:35 [INFO] : 最大化浏览器
[2021-06-26 14:17:04,393] base_page.py->open_url line:21 [INFO] : 打开url地址：http://localhost/DBshop/admin
[2021-06-26 14:17:04,415] base_page.py->find_element line:79 [INFO] : [用户名输入框]元素识别成功
[2021-06-26 14:17:04,485] base_page.py->input line:97 [INFO] : [用户名输入框]元素输入内容成功，输入的内容是：admin
[2021-06-26 14:17:04,500] base_page.py->find_element line:79 [INFO] : [密码输入框]元素识别成功
[2021-06-26 14:17:04,563] base_page.py->input line:97 [INFO] : [密码输入框]元素输入内容成功，输入的内容是：123
[2021-06-26 14:17:04,579] base_page.py->find_element line:79 [INFO] : [登录按钮]元素识别成功
[2021-06-26 14:17:05,154] base_page.py->click line:89 [INFO] : [登录按钮]元素点击操作成功
[2021-06-26 14:17:08,487] base_page.py->close_browser_tab line:27 [INFO] : 关闭当前tab页
[2021-06-26 14:17:08,487] selenium_base_case.py->tearDown line:26 [INFO] : -----测试方法执行完毕-----
[2021-06-26 14:17:08,488] selenium_base_case.py->setUp line:14 [INFO] : -----测试开始执行-----
2021-06-26 14:17:09,769 - Logger - INFO - 初始化并启动chrome浏览器
[2021-06-26 14:17:09,769] log.py->info line:19 [INFO] : 初始化并启动chrome浏览器
[2021-06-26 14:17:09,896] base_page.py->max_browser line:35 [INFO] : 最大化浏览器
[2021-06-26 14:17:10,542] base_page.py->open_url line:21 [INFO] : 打开url地址：http://localhost/DBshop/admin
[2021-06-26 14:17:10,565] base_page.py->find_element line:79 [INFO] : [用户名输入框]元素识别成功
[2021-06-26 14:17:10,643] base_page.py->input line:97 [INFO] : [用户名输入框]元素输入内容成功，输入的内容是：admin
[2021-06-26 14:17:10,658] base_page.py->find_element line:79 [INFO] : [密码输入框]元素识别成功
[2021-06-26 14:17:10,733] base_page.py->input line:97 [INFO] : [密码输入框]元素输入内容成功，输入的内容是：123456
[2021-06-26 14:17:10,751] base_page.py->find_element line:79 [INFO] : [登录按钮]元素识别成功
[2021-06-26 14:17:11,923] base_page.py->click line:89 [INFO] : [登录按钮]元素点击操作成功
[2021-06-26 14:17:11,947] base_page.py->find_element line:79 [INFO] : [后台名称]元素识别成功
[2021-06-26 14:17:11,963] base_page.py->get_text line:105 [INFO] : 获取元素文本，文本为DBShop
[2021-06-26 14:17:12,028] base_page.py->close_browser_tab line:27 [INFO] : 关闭当前tab页
[2021-06-26 14:17:12,029] selenium_base_case.py->tearDown line:26 [INFO] : -----测试方法执行完毕-----
[2021-06-26 14:17:12,029] selenium_base_case.py->setUpClass line:10 [INFO] : ======测试类开始执行=====
[2021-06-26 14:17:12,029] selenium_base_case.py->setUp line:14 [INFO] : -----测试开始执行-----
2021-06-26 14:17:13,157 - Logger - INFO - 初始化并启动chrome浏览器
[2021-06-26 14:17:13,157] log.py->info line:19 [INFO] : 初始化并启动chrome浏览器
[2021-06-26 14:17:13,282] base_page.py->max_browser line:35 [INFO] : 最大化浏览器
[2021-06-26 14:17:13,953] base_page.py->open_url line:21 [INFO] : 打开url地址：http://localhost/DBshop/admin
[2021-06-26 14:17:13,974] base_page.py->find_element line:79 [INFO] : [用户名输入框]元素识别成功
[2021-06-26 14:17:14,062] base_page.py->input line:97 [INFO] : [用户名输入框]元素输入内容成功，输入的内容是：admin
[2021-06-26 14:17:14,078] base_page.py->find_element line:79 [INFO] : [密码输入框]元素识别成功
[2021-06-26 14:17:14,151] base_page.py->input line:97 [INFO] : [密码输入框]元素输入内容成功，输入的内容是：123456
[2021-06-26 14:17:14,166] base_page.py->find_element line:79 [INFO] : [登录按钮]元素识别成功
[2021-06-26 14:17:15,373] base_page.py->click line:89 [INFO] : [登录按钮]元素点击操作成功
[2021-06-26 14:17:15,403] base_page.py->find_element line:79 [INFO] : [退出系统]元素识别成功
[2021-06-26 14:17:16,562] base_page.py->click line:89 [INFO] : [退出系统]元素点击操作成功
[2021-06-26 14:17:16,574] base_page.py->get_title line:51 [INFO] : 获取网页标题,标题是:系统管理员后台登录
[2021-06-26 14:17:16,629] base_page.py->close_browser_tab line:27 [INFO] : 关闭当前tab页
[2021-06-26 14:17:16,629] selenium_base_case.py->tearDown line:26 [INFO] : -----测试方法执行完毕-----
