[2021-06-26 11:19:27,353] selenium_base_case.py->setUpClass line:10 [INFO] : ======测试类开始执行=====
[2021-06-26 11:19:27,353] selenium_base_case.py->setUp line:14 [INFO] : -----测试开始执行-----
2021-06-26 11:19:28,499 - Logger - INFO - 初始化并启动chrome浏览器
[2021-06-26 11:19:28,499] log.py->info line:19 [INFO] : 初始化并启动chrome浏览器
[2021-06-26 11:19:28,619] base_page.py->max_browser line:35 [INFO] : 最大化浏览器
[2021-06-26 11:19:29,321] base_page.py->open_url line:21 [INFO] : 打开url地址：http://localhost/DBshop/admin
[2021-06-26 11:19:29,358] base_page.py->find_element line:79 [INFO] : [用户名输入框]元素识别成功
[2021-06-26 11:19:29,449] base_page.py->input line:97 [INFO] : [用户名输入框]元素输入内容成功，输入的内容是：admin
[2021-06-26 11:19:29,465] base_page.py->find_element line:79 [INFO] : [密码输入框]元素识别成功
[2021-06-26 11:19:29,536] base_page.py->input line:97 [INFO] : [密码输入框]元素输入内容成功，输入的内容是：123
[2021-06-26 11:19:29,557] base_page.py->find_element line:79 [INFO] : [登录按钮]元素识别成功
[2021-06-26 11:19:30,138] base_page.py->click line:89 [INFO] : [登录按钮]元素点击操作成功
[2021-06-26 11:19:33,465] base_page.py->close_browser_tab line:27 [INFO] : 关闭当前tab页
[2021-06-26 11:19:33,466] selenium_base_case.py->tearDown line:26 [INFO] : -----测试方法执行完毕-----
[2021-06-26 11:19:33,466] selenium_base_case.py->setUp line:14 [INFO] : -----测试开始执行-----
2021-06-26 11:19:34,655 - Logger - INFO - 初始化并启动chrome浏览器
[2021-06-26 11:19:34,655] log.py->info line:19 [INFO] : 初始化并启动chrome浏览器
[2021-06-26 11:19:34,782] base_page.py->max_browser line:35 [INFO] : 最大化浏览器
[2021-06-26 11:19:35,338] base_page.py->open_url line:21 [INFO] : 打开url地址：http://localhost/DBshop/admin
[2021-06-26 11:19:35,363] base_page.py->find_element line:79 [INFO] : [用户名输入框]元素识别成功
[2021-06-26 11:19:35,455] base_page.py->input line:97 [INFO] : [用户名输入框]元素输入内容成功，输入的内容是：admin
[2021-06-26 11:19:35,473] base_page.py->find_element line:79 [INFO] : [密码输入框]元素识别成功
[2021-06-26 11:19:35,547] base_page.py->input line:97 [INFO] : [密码输入框]元素输入内容成功，输入的内容是：123456
[2021-06-26 11:19:35,563] base_page.py->find_element line:79 [INFO] : [登录按钮]元素识别成功
[2021-06-26 11:19:36,773] base_page.py->click line:89 [INFO] : [登录按钮]元素点击操作成功
[2021-06-26 11:19:36,800] base_page.py->find_element line:79 [INFO] : [后台名称]元素识别成功
[2021-06-26 11:19:36,819] base_page.py->get_text line:105 [INFO] : 获取元素文本，文本为DBShop
[2021-06-26 11:19:36,883] base_page.py->close_browser_tab line:27 [INFO] : 关闭当前tab页
[2021-06-26 11:19:36,883] selenium_base_case.py->tearDown line:26 [INFO] : -----测试方法执行完毕-----
[2021-06-26 11:19:36,884] selenium_base_case.py->setUpClass line:10 [INFO] : ======测试类开始执行=====
[2021-06-26 11:19:36,884] selenium_base_case.py->setUp line:14 [INFO] : -----测试开始执行-----
2021-06-26 11:19:38,143 - Logger - INFO - 初始化并启动chrome浏览器
[2021-06-26 11:19:38,143] log.py->info line:19 [INFO] : 初始化并启动chrome浏览器
[2021-06-26 11:19:38,264] base_page.py->max_browser line:35 [INFO] : 最大化浏览器
[2021-06-26 11:19:38,864] base_page.py->open_url line:21 [INFO] : 打开url地址：http://localhost/DBshop/admin
[2021-06-26 11:19:38,886] base_page.py->find_element line:79 [INFO] : [用户名输入框]元素识别成功
[2021-06-26 11:19:38,967] base_page.py->input line:97 [INFO] : [用户名输入框]元素输入内容成功，输入的内容是：admin
[2021-06-26 11:19:38,984] base_page.py->find_element line:79 [INFO] : [密码输入框]元素识别成功
[2021-06-26 11:19:39,074] base_page.py->input line:97 [INFO] : [密码输入框]元素输入内容成功，输入的内容是：123456
[2021-06-26 11:19:39,090] base_page.py->find_element line:79 [INFO] : [登录按钮]元素识别成功
[2021-06-26 11:19:40,025] base_page.py->click line:89 [INFO] : [登录按钮]元素点击操作成功
[2021-06-26 11:19:40,047] base_page.py->find_element line:79 [INFO] : [退出系统]元素识别成功
[2021-06-26 11:19:41,023] base_page.py->click line:89 [INFO] : [退出系统]元素点击操作成功
[2021-06-26 11:19:41,033] base_page.py->get_title line:51 [INFO] : 获取网页标题,标题是:系统管理员后台登录
[2021-06-26 11:19:41,091] base_page.py->close_browser_tab line:27 [INFO] : 关闭当前tab页
[2021-06-26 11:19:41,091] selenium_base_case.py->tearDown line:26 [INFO] : -----测试方法执行完毕-----
