[2021-06-26 11:25:07,621] selenium_base_case.py->setUpClass line:10 [INFO] : ======测试类开始执行=====
[2021-06-26 11:25:07,621] selenium_base_case.py->setUp line:14 [INFO] : -----测试开始执行-----
2021-06-26 11:25:08,755 - Logger - INFO - 初始化并启动chrome浏览器
[2021-06-26 11:25:08,755] log.py->info line:19 [INFO] : 初始化并启动chrome浏览器
[2021-06-26 11:25:08,885] base_page.py->max_browser line:35 [INFO] : 最大化浏览器
[2021-06-26 11:25:09,526] base_page.py->open_url line:21 [INFO] : 打开url地址：http://localhost/DBshop/admin
[2021-06-26 11:25:09,563] base_page.py->find_element line:79 [INFO] : [用户名输入框]元素识别成功
[2021-06-26 11:25:09,643] base_page.py->input line:97 [INFO] : [用户名输入框]元素输入内容成功，输入的内容是：admin
[2021-06-26 11:25:09,657] base_page.py->find_element line:79 [INFO] : [密码输入框]元素识别成功
[2021-06-26 11:25:09,741] base_page.py->input line:97 [INFO] : [密码输入框]元素输入内容成功，输入的内容是：123
[2021-06-26 11:25:09,756] base_page.py->find_element line:79 [INFO] : [登录按钮]元素识别成功
[2021-06-26 11:25:10,304] base_page.py->click line:89 [INFO] : [登录按钮]元素点击操作成功
[2021-06-26 11:25:13,893] base_page.py->close_browser_tab line:27 [INFO] : 关闭当前tab页
[2021-06-26 11:25:13,893] selenium_base_case.py->tearDown line:26 [INFO] : -----测试方法执行完毕-----
[2021-06-26 11:25:13,916] selenium_base_case.py->setUp line:14 [INFO] : -----测试开始执行-----
2021-06-26 11:25:15,069 - Logger - INFO - 初始化并启动chrome浏览器
[2021-06-26 11:25:15,069] log.py->info line:19 [INFO] : 初始化并启动chrome浏览器
[2021-06-26 11:25:15,197] base_page.py->max_browser line:35 [INFO] : 最大化浏览器
[2021-06-26 11:25:15,723] base_page.py->open_url line:21 [INFO] : 打开url地址：http://localhost/DBshop/admin
[2021-06-26 11:25:15,745] base_page.py->find_element line:79 [INFO] : [用户名输入框]元素识别成功
[2021-06-26 11:25:15,802] base_page.py->input line:97 [INFO] : [用户名输入框]元素输入内容成功，输入的内容是：admin
[2021-06-26 11:25:15,814] base_page.py->find_element line:79 [INFO] : [密码输入框]元素识别成功
[2021-06-26 11:25:15,868] base_page.py->input line:97 [INFO] : [密码输入框]元素输入内容成功，输入的内容是：123456
[2021-06-26 11:25:15,879] base_page.py->find_element line:79 [INFO] : [登录按钮]元素识别成功
[2021-06-26 11:25:17,107] base_page.py->click line:89 [INFO] : [登录按钮]元素点击操作成功
[2021-06-26 11:25:17,132] base_page.py->find_element line:79 [INFO] : [后台名称]元素识别成功
[2021-06-26 11:25:17,150] base_page.py->get_text line:105 [INFO] : 获取元素文本，文本为DBShop
[2021-06-26 11:25:17,241] base_page.py->close_browser_tab line:27 [INFO] : 关闭当前tab页
[2021-06-26 11:25:17,242] selenium_base_case.py->tearDown line:26 [INFO] : -----测试方法执行完毕-----
[2021-06-26 11:25:17,242] selenium_base_case.py->setUpClass line:10 [INFO] : ======测试类开始执行=====
[2021-06-26 11:25:17,242] selenium_base_case.py->setUp line:14 [INFO] : -----测试开始执行-----
2021-06-26 11:25:18,403 - Logger - INFO - 初始化并启动chrome浏览器
[2021-06-26 11:25:18,403] log.py->info line:19 [INFO] : 初始化并启动chrome浏览器
[2021-06-26 11:25:18,539] base_page.py->max_browser line:35 [INFO] : 最大化浏览器
[2021-06-26 11:25:19,140] base_page.py->open_url line:21 [INFO] : 打开url地址：http://localhost/DBshop/admin
[2021-06-26 11:25:19,161] base_page.py->find_element line:79 [INFO] : [用户名输入框]元素识别成功
[2021-06-26 11:25:19,238] base_page.py->input line:97 [INFO] : [用户名输入框]元素输入内容成功，输入的内容是：admin
[2021-06-26 11:25:19,254] base_page.py->find_element line:79 [INFO] : [密码输入框]元素识别成功
[2021-06-26 11:25:19,331] base_page.py->input line:97 [INFO] : [密码输入框]元素输入内容成功，输入的内容是：123456
[2021-06-26 11:25:19,346] base_page.py->find_element line:79 [INFO] : [登录按钮]元素识别成功
[2021-06-26 11:25:20,625] base_page.py->click line:89 [INFO] : [登录按钮]元素点击操作成功
[2021-06-26 11:25:20,655] base_page.py->find_element line:79 [INFO] : [退出系统]元素识别成功
[2021-06-26 11:25:21,769] base_page.py->click line:89 [INFO] : [退出系统]元素点击操作成功
[2021-06-26 11:25:21,782] base_page.py->get_title line:51 [INFO] : 获取网页标题,标题是:系统管理员后台登录
[2021-06-26 11:25:21,869] base_page.py->close_browser_tab line:27 [INFO] : 关闭当前tab页
[2021-06-26 11:25:21,869] selenium_base_case.py->tearDown line:26 [INFO] : -----测试方法执行完毕-----
