[2021-06-26 11:24:09,388] selenium_base_case.py->setUpClass line:10 [INFO] : ======测试类开始执行=====
[2021-06-26 11:24:09,388] selenium_base_case.py->setUp line:14 [INFO] : -----测试开始执行-----
2021-06-26 11:24:10,708 - Logger - INFO - 初始化并启动chrome浏览器
[2021-06-26 11:24:10,708] log.py->info line:19 [INFO] : 初始化并启动chrome浏览器
[2021-06-26 11:24:10,832] base_page.py->max_browser line:35 [INFO] : 最大化浏览器
[2021-06-26 11:24:11,445] base_page.py->open_url line:21 [INFO] : 打开url地址：http://localhost/DBshop/admin
[2021-06-26 11:24:11,485] base_page.py->find_element line:79 [INFO] : [用户名输入框]元素识别成功
[2021-06-26 11:24:11,570] base_page.py->input line:97 [INFO] : [用户名输入框]元素输入内容成功，输入的内容是：admin
[2021-06-26 11:24:11,585] base_page.py->find_element line:79 [INFO] : [密码输入框]元素识别成功
[2021-06-26 11:24:11,657] base_page.py->input line:97 [INFO] : [密码输入框]元素输入内容成功，输入的内容是：123
[2021-06-26 11:24:11,675] base_page.py->find_element line:79 [INFO] : [登录按钮]元素识别成功
[2021-06-26 11:24:12,236] base_page.py->click line:89 [INFO] : [登录按钮]元素点击操作成功
[2021-06-26 11:24:15,553] base_page.py->close_browser_tab line:27 [INFO] : 关闭当前tab页
[2021-06-26 11:24:15,553] selenium_base_case.py->tearDown line:26 [INFO] : -----测试方法执行完毕-----
[2021-06-26 11:24:15,554] selenium_base_case.py->setUp line:14 [INFO] : -----测试开始执行-----
2021-06-26 11:24:16,764 - Logger - INFO - 初始化并启动chrome浏览器
[2021-06-26 11:24:16,764] log.py->info line:19 [INFO] : 初始化并启动chrome浏览器
[2021-06-26 11:24:16,890] base_page.py->max_browser line:35 [INFO] : 最大化浏览器
[2021-06-26 11:24:17,437] base_page.py->open_url line:21 [INFO] : 打开url地址：http://localhost/DBshop/admin
[2021-06-26 11:24:17,457] base_page.py->find_element line:79 [INFO] : [用户名输入框]元素识别成功
[2021-06-26 11:24:17,519] base_page.py->input line:97 [INFO] : [用户名输入框]元素输入内容成功，输入的内容是：admin
[2021-06-26 11:24:17,535] base_page.py->find_element line:79 [INFO] : [密码输入框]元素识别成功
[2021-06-26 11:24:17,613] base_page.py->input line:97 [INFO] : [密码输入框]元素输入内容成功，输入的内容是：123456
[2021-06-26 11:24:17,628] base_page.py->find_element line:79 [INFO] : [登录按钮]元素识别成功
[2021-06-26 11:24:18,878] base_page.py->click line:89 [INFO] : [登录按钮]元素点击操作成功
[2021-06-26 11:24:18,904] base_page.py->find_element line:79 [INFO] : [后台名称]元素识别成功
[2021-06-26 11:24:18,924] base_page.py->get_text line:105 [INFO] : 获取元素文本，文本为DBShop
[2021-06-26 11:24:18,979] base_page.py->close_browser_tab line:27 [INFO] : 关闭当前tab页
[2021-06-26 11:24:18,979] selenium_base_case.py->tearDown line:26 [INFO] : -----测试方法执行完毕-----
[2021-06-26 11:24:18,980] selenium_base_case.py->setUpClass line:10 [INFO] : ======测试类开始执行=====
[2021-06-26 11:24:18,980] selenium_base_case.py->setUp line:14 [INFO] : -----测试开始执行-----
2021-06-26 11:24:20,223 - Logger - INFO - 初始化并启动chrome浏览器
[2021-06-26 11:24:20,223] log.py->info line:19 [INFO] : 初始化并启动chrome浏览器
[2021-06-26 11:24:20,349] base_page.py->max_browser line:35 [INFO] : 最大化浏览器
[2021-06-26 11:24:21,079] base_page.py->open_url line:21 [INFO] : 打开url地址：http://localhost/DBshop/admin
[2021-06-26 11:24:21,100] base_page.py->find_element line:79 [INFO] : [用户名输入框]元素识别成功
[2021-06-26 11:24:21,180] base_page.py->input line:97 [INFO] : [用户名输入框]元素输入内容成功，输入的内容是：admin
[2021-06-26 11:24:21,194] base_page.py->find_element line:79 [INFO] : [密码输入框]元素识别成功
[2021-06-26 11:24:21,273] base_page.py->input line:97 [INFO] : [密码输入框]元素输入内容成功，输入的内容是：123456
[2021-06-26 11:24:21,290] base_page.py->find_element line:79 [INFO] : [登录按钮]元素识别成功
[2021-06-26 11:24:23,141] base_page.py->click line:89 [INFO] : [登录按钮]元素点击操作成功
[2021-06-26 11:24:23,171] base_page.py->find_element line:79 [INFO] : [退出系统]元素识别成功
[2021-06-26 11:24:24,406] base_page.py->click line:89 [INFO] : [退出系统]元素点击操作成功
[2021-06-26 11:24:24,419] base_page.py->get_title line:51 [INFO] : 获取网页标题,标题是:系统管理员后台登录
[2021-06-26 11:24:24,499] base_page.py->close_browser_tab line:27 [INFO] : 关闭当前tab页
[2021-06-26 11:24:24,499] selenium_base_case.py->tearDown line:26 [INFO] : -----测试方法执行完毕-----
