[2021-06-26 11:16:09,881] selenium_base_case.py->setUpClass line:10 [INFO] : ======测试类开始执行=====
[2021-06-26 11:16:09,881] selenium_base_case.py->setUp line:14 [INFO] : -----测试开始执行-----
2021-06-26 11:16:11,081 - Logger - INFO - 初始化并启动chrome浏览器
[2021-06-26 11:16:11,081] log.py->info line:19 [INFO] : 初始化并启动chrome浏览器
[2021-06-26 11:16:11,208] base_page.py->max_browser line:35 [INFO] : 最大化浏览器
[2021-06-26 11:16:11,810] base_page.py->open_url line:21 [INFO] : 打开url地址：http://localhost/DBshop/admin
[2021-06-26 11:16:11,846] base_page.py->find_element line:79 [INFO] : [用户名输入框]元素识别成功
[2021-06-26 11:16:11,926] base_page.py->input line:97 [INFO] : [用户名输入框]元素输入内容成功，输入的内容是：admin
[2021-06-26 11:16:11,940] base_page.py->find_element line:79 [INFO] : [密码输入框]元素识别成功
[2021-06-26 11:16:12,011] base_page.py->input line:97 [INFO] : [密码输入框]元素输入内容成功，输入的内容是：123
[2021-06-26 11:16:12,028] base_page.py->find_element line:79 [INFO] : [登录按钮]元素识别成功
[2021-06-26 11:16:12,625] base_page.py->click line:89 [INFO] : [登录按钮]元素点击操作成功
[2021-06-26 11:16:16,212] base_page.py->close_browser_tab line:27 [INFO] : 关闭当前tab页
[2021-06-26 11:16:16,212] selenium_base_case.py->tearDown line:26 [INFO] : -----测试方法执行完毕-----
[2021-06-26 11:16:16,248] selenium_base_case.py->setUp line:14 [INFO] : -----测试开始执行-----
2021-06-26 11:16:17,352 - Logger - INFO - 初始化并启动chrome浏览器
[2021-06-26 11:16:17,352] log.py->info line:19 [INFO] : 初始化并启动chrome浏览器
[2021-06-26 11:16:17,465] base_page.py->max_browser line:35 [INFO] : 最大化浏览器
[2021-06-26 11:16:18,210] base_page.py->open_url line:21 [INFO] : 打开url地址：http://localhost/DBshop/admin
[2021-06-26 11:16:18,237] base_page.py->find_element line:79 [INFO] : [用户名输入框]元素识别成功
[2021-06-26 11:16:18,316] base_page.py->input line:97 [INFO] : [用户名输入框]元素输入内容成功，输入的内容是：admin
[2021-06-26 11:16:18,331] base_page.py->find_element line:79 [INFO] : [密码输入框]元素识别成功
[2021-06-26 11:16:18,408] base_page.py->input line:97 [INFO] : [密码输入框]元素输入内容成功，输入的内容是：123456
[2021-06-26 11:16:18,424] base_page.py->find_element line:79 [INFO] : [登录按钮]元素识别成功
[2021-06-26 11:16:19,932] base_page.py->click line:89 [INFO] : [登录按钮]元素点击操作成功
[2021-06-26 11:16:19,960] base_page.py->find_element line:79 [INFO] : [后台名称]元素识别成功
[2021-06-26 11:16:19,979] base_page.py->get_text line:105 [INFO] : 获取元素文本，文本为DBShop
[2021-06-26 11:16:20,086] base_page.py->close_browser_tab line:27 [INFO] : 关闭当前tab页
[2021-06-26 11:16:20,086] selenium_base_case.py->tearDown line:26 [INFO] : -----测试方法执行完毕-----
[2021-06-26 11:16:20,086] selenium_base_case.py->setUpClass line:10 [INFO] : ======测试类开始执行=====
[2021-06-26 11:16:20,087] selenium_base_case.py->setUp line:14 [INFO] : -----测试开始执行-----
2021-06-26 11:16:21,252 - Logger - INFO - 初始化并启动chrome浏览器
[2021-06-26 11:16:21,252] log.py->info line:19 [INFO] : 初始化并启动chrome浏览器
[2021-06-26 11:16:21,375] base_page.py->max_browser line:35 [INFO] : 最大化浏览器
[2021-06-26 11:16:21,934] base_page.py->open_url line:21 [INFO] : 打开url地址：http://localhost/DBshop/admin
[2021-06-26 11:16:21,955] base_page.py->find_element line:79 [INFO] : [用户名输入框]元素识别成功
[2021-06-26 11:16:22,031] base_page.py->input line:97 [INFO] : [用户名输入框]元素输入内容成功，输入的内容是：admin
[2021-06-26 11:16:22,046] base_page.py->find_element line:79 [INFO] : [密码输入框]元素识别成功
[2021-06-26 11:16:22,127] base_page.py->input line:97 [INFO] : [密码输入框]元素输入内容成功，输入的内容是：123456
[2021-06-26 11:16:22,143] base_page.py->find_element line:79 [INFO] : [登录按钮]元素识别成功
[2021-06-26 11:16:23,253] base_page.py->click line:89 [INFO] : [登录按钮]元素点击操作成功
[2021-06-26 11:16:23,287] base_page.py->find_element line:79 [INFO] : [退出系统]元素识别成功
[2021-06-26 11:16:24,507] base_page.py->click line:89 [INFO] : [退出系统]元素点击操作成功
[2021-06-26 11:16:24,520] base_page.py->get_title line:51 [INFO] : 获取网页标题,标题是:系统管理员后台登录
[2021-06-26 11:16:24,586] base_page.py->close_browser_tab line:27 [INFO] : 关闭当前tab页
[2021-06-26 11:16:24,587] selenium_base_case.py->tearDown line:26 [INFO] : -----测试方法执行完毕-----
