[2021-06-26 13:45:11,793] selenium_base_case.py->setUpClass line:10 [INFO] : ======测试类开始执行=====
[2021-06-26 13:45:11,793] selenium_base_case.py->setUp line:14 [INFO] : -----测试开始执行-----
2021-06-26 13:45:12,996 - Logger - INFO - 初始化并启动chrome浏览器
[2021-06-26 13:45:12,996] log.py->info line:19 [INFO] : 初始化并启动chrome浏览器
[2021-06-26 13:45:13,128] base_page.py->max_browser line:35 [INFO] : 最大化浏览器
[2021-06-26 13:45:13,930] base_page.py->open_url line:21 [INFO] : 打开url地址：http://localhost/DBshop/admin
[2021-06-26 13:45:13,970] base_page.py->find_element line:79 [INFO] : [用户名输入框]元素识别成功
[2021-06-26 13:45:14,050] base_page.py->input line:97 [INFO] : [用户名输入框]元素输入内容成功，输入的内容是：admin
[2021-06-26 13:45:14,065] base_page.py->find_element line:79 [INFO] : [密码输入框]元素识别成功
[2021-06-26 13:45:14,147] base_page.py->input line:97 [INFO] : [密码输入框]元素输入内容成功，输入的内容是：123
[2021-06-26 13:45:14,165] base_page.py->find_element line:79 [INFO] : [登录按钮]元素识别成功
[2021-06-26 13:45:14,721] base_page.py->click line:89 [INFO] : [登录按钮]元素点击操作成功
[2021-06-26 13:45:18,298] base_page.py->close_browser_tab line:27 [INFO] : 关闭当前tab页
[2021-06-26 13:45:18,299] selenium_base_case.py->tearDown line:26 [INFO] : -----测试方法执行完毕-----
[2021-06-26 13:45:18,300] selenium_base_case.py->setUp line:14 [INFO] : -----测试开始执行-----
2021-06-26 13:45:19,496 - Logger - INFO - 初始化并启动chrome浏览器
[2021-06-26 13:45:19,496] log.py->info line:19 [INFO] : 初始化并启动chrome浏览器
[2021-06-26 13:45:19,620] base_page.py->max_browser line:35 [INFO] : 最大化浏览器
[2021-06-26 13:45:20,379] base_page.py->open_url line:21 [INFO] : 打开url地址：http://localhost/DBshop/admin
[2021-06-26 13:45:20,405] base_page.py->find_element line:79 [INFO] : [用户名输入框]元素识别成功
[2021-06-26 13:45:20,490] base_page.py->input line:97 [INFO] : [用户名输入框]元素输入内容成功，输入的内容是：admin
[2021-06-26 13:45:20,504] base_page.py->find_element line:79 [INFO] : [密码输入框]元素识别成功
[2021-06-26 13:45:20,601] base_page.py->input line:97 [INFO] : [密码输入框]元素输入内容成功，输入的内容是：123456
[2021-06-26 13:45:20,617] base_page.py->find_element line:79 [INFO] : [登录按钮]元素识别成功
[2021-06-26 13:45:21,908] base_page.py->click line:89 [INFO] : [登录按钮]元素点击操作成功
[2021-06-26 13:45:21,932] base_page.py->find_element line:79 [INFO] : [后台名称]元素识别成功
[2021-06-26 13:45:21,953] base_page.py->get_text line:105 [INFO] : 获取元素文本，文本为DBShop
[2021-06-26 13:45:22,033] base_page.py->close_browser_tab line:27 [INFO] : 关闭当前tab页
[2021-06-26 13:45:22,033] selenium_base_case.py->tearDown line:26 [INFO] : -----测试方法执行完毕-----
[2021-06-26 13:45:22,033] selenium_base_case.py->setUpClass line:10 [INFO] : ======测试类开始执行=====
[2021-06-26 13:45:22,033] selenium_base_case.py->setUp line:14 [INFO] : -----测试开始执行-----
2021-06-26 13:45:23,175 - Logger - INFO - 初始化并启动chrome浏览器
[2021-06-26 13:45:23,175] log.py->info line:19 [INFO] : 初始化并启动chrome浏览器
[2021-06-26 13:45:23,311] base_page.py->max_browser line:35 [INFO] : 最大化浏览器
[2021-06-26 13:45:24,006] base_page.py->open_url line:21 [INFO] : 打开url地址：http://localhost/DBshop/admin
[2021-06-26 13:45:24,027] base_page.py->find_element line:79 [INFO] : [用户名输入框]元素识别成功
[2021-06-26 13:45:24,103] base_page.py->input line:97 [INFO] : [用户名输入框]元素输入内容成功，输入的内容是：admin
[2021-06-26 13:45:24,120] base_page.py->find_element line:79 [INFO] : [密码输入框]元素识别成功
[2021-06-26 13:45:24,206] base_page.py->input line:97 [INFO] : [密码输入框]元素输入内容成功，输入的内容是：123456
[2021-06-26 13:45:24,222] base_page.py->find_element line:79 [INFO] : [登录按钮]元素识别成功
[2021-06-26 13:45:25,451] base_page.py->click line:89 [INFO] : [登录按钮]元素点击操作成功
[2021-06-26 13:45:25,482] base_page.py->find_element line:79 [INFO] : [退出系统]元素识别成功
[2021-06-26 13:45:26,684] base_page.py->click line:89 [INFO] : [退出系统]元素点击操作成功
[2021-06-26 13:45:26,697] base_page.py->get_title line:51 [INFO] : 获取网页标题,标题是:系统管理员后台登录
[2021-06-26 13:45:26,767] base_page.py->close_browser_tab line:27 [INFO] : 关闭当前tab页
[2021-06-26 13:45:26,768] selenium_base_case.py->tearDown line:26 [INFO] : -----测试方法执行完毕-----
