[2021-06-26 10:50:03,201] selenium_base_case.py->setUpClass line:10 [INFO] : ======测试类开始执行=====
[2021-06-26 10:50:03,202] selenium_base_case.py->setUp line:14 [INFO] : -----测试开始执行-----
2021-06-26 10:50:04,609 - Logger - INFO - 初始化并启动chrome浏览器
[2021-06-26 10:50:04,609] log.py->info line:19 [INFO] : 初始化并启动chrome浏览器
[2021-06-26 10:50:04,740] base_page.py->max_browser line:35 [INFO] : 最大化浏览器
[2021-06-26 10:50:05,458] base_page.py->open_url line:21 [INFO] : 打开url地址：http://localhost/DBshop/admin
[2021-06-26 10:50:05,493] base_page.py->find_element line:79 [INFO] : [用户名输入框]元素识别成功
[2021-06-26 10:50:05,573] base_page.py->input line:97 [INFO] : [用户名输入框]元素输入内容成功，输入的内容是：admin
[2021-06-26 10:50:05,587] base_page.py->find_element line:79 [INFO] : [密码输入框]元素识别成功
[2021-06-26 10:50:05,652] base_page.py->input line:97 [INFO] : [密码输入框]元素输入内容成功，输入的内容是：123
[2021-06-26 10:50:05,669] base_page.py->find_element line:79 [INFO] : [登录按钮]元素识别成功
[2021-06-26 10:50:06,492] base_page.py->click line:89 [INFO] : [登录按钮]元素点击操作成功
[2021-06-26 10:50:09,762] selenium_base_case.py->tearDown line:21 [INFO] : -----测试方法执行完毕-----
[2021-06-26 10:50:09,823] base_page.py->close_browser_tab line:27 [INFO] : 关闭当前tab页
[2021-06-26 10:50:09,824] selenium_base_case.py->setUp line:14 [INFO] : -----测试开始执行-----
2021-06-26 10:50:11,002 - Logger - INFO - 初始化并启动chrome浏览器
[2021-06-26 10:50:11,002] log.py->info line:19 [INFO] : 初始化并启动chrome浏览器
[2021-06-26 10:50:11,126] base_page.py->max_browser line:35 [INFO] : 最大化浏览器
[2021-06-26 10:50:11,905] base_page.py->open_url line:21 [INFO] : 打开url地址：http://localhost/DBshop/admin
[2021-06-26 10:50:11,933] base_page.py->find_element line:79 [INFO] : [用户名输入框]元素识别成功
[2021-06-26 10:50:12,007] base_page.py->input line:97 [INFO] : [用户名输入框]元素输入内容成功，输入的内容是：admin
[2021-06-26 10:50:12,023] base_page.py->find_element line:79 [INFO] : [密码输入框]元素识别成功
[2021-06-26 10:50:12,100] base_page.py->input line:97 [INFO] : [密码输入框]元素输入内容成功，输入的内容是：123456
[2021-06-26 10:50:12,116] base_page.py->find_element line:79 [INFO] : [登录按钮]元素识别成功
[2021-06-26 10:50:14,534] base_page.py->click line:89 [INFO] : [登录按钮]元素点击操作成功
[2021-06-26 10:50:14,559] base_page.py->find_element line:79 [INFO] : [后台名称]元素识别成功
[2021-06-26 10:50:14,577] base_page.py->get_text line:105 [INFO] : 获取元素文本，文本为DBShop
[2021-06-26 10:50:14,578] selenium_base_case.py->tearDown line:21 [INFO] : -----测试方法执行完毕-----
[2021-06-26 10:50:14,645] base_page.py->close_browser_tab line:27 [INFO] : 关闭当前tab页
[2021-06-26 10:50:14,646] selenium_base_case.py->setUpClass line:10 [INFO] : ======测试类开始执行=====
[2021-06-26 10:50:14,646] selenium_base_case.py->setUp line:14 [INFO] : -----测试开始执行-----
2021-06-26 10:50:15,820 - Logger - INFO - 初始化并启动chrome浏览器
[2021-06-26 10:50:15,820] log.py->info line:19 [INFO] : 初始化并启动chrome浏览器
[2021-06-26 10:50:15,938] base_page.py->max_browser line:35 [INFO] : 最大化浏览器
[2021-06-26 10:50:16,772] base_page.py->open_url line:21 [INFO] : 打开url地址：http://localhost/DBshop/admin
[2021-06-26 10:50:16,797] base_page.py->find_element line:79 [INFO] : [用户名输入框]元素识别成功
[2021-06-26 10:50:16,891] base_page.py->input line:97 [INFO] : [用户名输入框]元素输入内容成功，输入的内容是：admin
[2021-06-26 10:50:16,906] base_page.py->find_element line:79 [INFO] : [密码输入框]元素识别成功
[2021-06-26 10:50:16,981] base_page.py->input line:97 [INFO] : [密码输入框]元素输入内容成功，输入的内容是：123456
[2021-06-26 10:50:16,998] base_page.py->find_element line:79 [INFO] : [登录按钮]元素识别成功
[2021-06-26 10:50:18,589] base_page.py->click line:89 [INFO] : [登录按钮]元素点击操作成功
[2021-06-26 10:50:18,612] base_page.py->find_element line:79 [INFO] : [退出系统]元素识别成功
[2021-06-26 10:50:20,765] base_page.py->click line:89 [INFO] : [退出系统]元素点击操作成功
[2021-06-26 10:50:20,775] base_page.py->get_title line:51 [INFO] : 获取网页标题,标题是:系统管理员后台登录
[2021-06-26 10:50:20,776] selenium_base_case.py->tearDown line:21 [INFO] : -----测试方法执行完毕-----
[2021-06-26 10:50:20,843] base_page.py->close_browser_tab line:27 [INFO] : 关闭当前tab页
