[2021-06-26 14:16:21,350] selenium_base_case.py->setUpClass line:10 [INFO] : ======测试类开始执行=====
[2021-06-26 14:16:21,351] selenium_base_case.py->setUp line:14 [INFO] : -----测试开始执行-----
2021-06-26 14:16:22,544 - Logger - INFO - 初始化并启动chrome浏览器
[2021-06-26 14:16:22,544] log.py->info line:19 [INFO] : 初始化并启动chrome浏览器
[2021-06-26 14:16:22,669] base_page.py->max_browser line:35 [INFO] : 最大化浏览器
[2021-06-26 14:16:23,248] base_page.py->open_url line:21 [INFO] : 打开url地址：http://localhost/DBshop/admin
[2021-06-26 14:16:23,269] base_page.py->find_element line:79 [INFO] : [用户名输入框]元素识别成功
[2021-06-26 14:16:23,348] base_page.py->input line:97 [INFO] : [用户名输入框]元素输入内容成功，输入的内容是：admin
[2021-06-26 14:16:23,362] base_page.py->find_element line:79 [INFO] : [密码输入框]元素识别成功
[2021-06-26 14:16:23,431] base_page.py->input line:97 [INFO] : [密码输入框]元素输入内容成功，输入的内容是：123
[2021-06-26 14:16:23,445] base_page.py->find_element line:79 [INFO] : [登录按钮]元素识别成功
[2021-06-26 14:16:24,027] base_page.py->click line:89 [INFO] : [登录按钮]元素点击操作成功
[2021-06-26 14:16:27,350] base_page.py->close_browser_tab line:27 [INFO] : 关闭当前tab页
[2021-06-26 14:16:27,350] selenium_base_case.py->tearDown line:26 [INFO] : -----测试方法执行完毕-----
[2021-06-26 14:16:27,350] selenium_base_case.py->setUp line:14 [INFO] : -----测试开始执行-----
2021-06-26 14:16:28,418 - Logger - INFO - 初始化并启动chrome浏览器
[2021-06-26 14:16:28,418] log.py->info line:19 [INFO] : 初始化并启动chrome浏览器
[2021-06-26 14:16:28,544] base_page.py->max_browser line:35 [INFO] : 最大化浏览器
[2021-06-26 14:16:29,074] base_page.py->open_url line:21 [INFO] : 打开url地址：http://localhost/DBshop/admin
[2021-06-26 14:16:29,103] base_page.py->find_element line:79 [INFO] : [用户名输入框]元素识别成功
[2021-06-26 14:16:29,213] base_page.py->input line:97 [INFO] : [用户名输入框]元素输入内容成功，输入的内容是：admin
[2021-06-26 14:16:29,238] base_page.py->find_element line:79 [INFO] : [密码输入框]元素识别成功
[2021-06-26 14:16:29,333] base_page.py->input line:97 [INFO] : [密码输入框]元素输入内容成功，输入的内容是：123456
[2021-06-26 14:16:29,348] base_page.py->find_element line:79 [INFO] : [登录按钮]元素识别成功
[2021-06-26 14:16:30,579] base_page.py->click line:89 [INFO] : [登录按钮]元素点击操作成功
[2021-06-26 14:16:30,605] base_page.py->find_element line:79 [INFO] : [后台名称]元素识别成功
[2021-06-26 14:16:30,625] base_page.py->get_text line:105 [INFO] : 获取元素文本，文本为DBShop
[2021-06-26 14:16:30,708] base_page.py->close_browser_tab line:27 [INFO] : 关闭当前tab页
[2021-06-26 14:16:30,708] selenium_base_case.py->tearDown line:26 [INFO] : -----测试方法执行完毕-----
[2021-06-26 14:16:30,708] selenium_base_case.py->setUpClass line:10 [INFO] : ======测试类开始执行=====
[2021-06-26 14:16:30,709] selenium_base_case.py->setUp line:14 [INFO] : -----测试开始执行-----
2021-06-26 14:16:31,860 - Logger - INFO - 初始化并启动chrome浏览器
[2021-06-26 14:16:31,860] log.py->info line:19 [INFO] : 初始化并启动chrome浏览器
[2021-06-26 14:16:31,985] base_page.py->max_browser line:35 [INFO] : 最大化浏览器
[2021-06-26 14:16:32,641] base_page.py->open_url line:21 [INFO] : 打开url地址：http://localhost/DBshop/admin
[2021-06-26 14:16:32,667] base_page.py->find_element line:79 [INFO] : [用户名输入框]元素识别成功
[2021-06-26 14:16:32,790] base_page.py->input line:97 [INFO] : [用户名输入框]元素输入内容成功，输入的内容是：admin
[2021-06-26 14:16:32,803] base_page.py->find_element line:79 [INFO] : [密码输入框]元素识别成功
[2021-06-26 14:16:32,890] base_page.py->input line:97 [INFO] : [密码输入框]元素输入内容成功，输入的内容是：123456
[2021-06-26 14:16:32,906] base_page.py->find_element line:79 [INFO] : [登录按钮]元素识别成功
[2021-06-26 14:16:34,112] base_page.py->click line:89 [INFO] : [登录按钮]元素点击操作成功
[2021-06-26 14:16:34,141] base_page.py->find_element line:79 [INFO] : [退出系统]元素识别成功
[2021-06-26 14:16:35,523] base_page.py->click line:89 [INFO] : [退出系统]元素点击操作成功
[2021-06-26 14:16:35,536] base_page.py->get_title line:51 [INFO] : 获取网页标题,标题是:系统管理员后台登录
[2021-06-26 14:16:35,589] base_page.py->close_browser_tab line:27 [INFO] : 关闭当前tab页
[2021-06-26 14:16:35,590] selenium_base_case.py->tearDown line:26 [INFO] : -----测试方法执行完毕-----
